0 info it worked if it ends with ok
1 verbose cli [ 'C:\\Program Files\\nodejs\\node.exe',
1 verbose cli   'C:\\Users\\Administrator\\AppData\\Roaming\\npm\\node_modules\\npm\\bin\\npm-cli.js',
1 verbose cli   'run',
1 verbose cli   'build' ]
2 info using npm@3.8.9
3 info using node@v4.5.0
4 verbose run-script [ 'prebuild', 'build', 'postbuild' ]
5 info lifecycle rrr-basic-example@0.0.0~prebuild: rrr-basic-example@0.0.0
6 silly lifecycle rrr-basic-example@0.0.0~prebuild: no script for prebuild, continuing
7 info lifecycle rrr-basic-example@0.0.0~build: rrr-basic-example@0.0.0
8 verbose lifecycle rrr-basic-example@0.0.0~build: unsafe-perm in lifecycle true
9 verbose lifecycle rrr-basic-example@0.0.0~build: PATH: C:\Users\Administrator\AppData\Roaming\npm\node_modules\npm\bin\node-gyp-bin;D:\work\workspace\status_server\status_server\static\node_modules\.bin;C:\Program Files\nodejs;C:\Python27;C:\Python27\Scripts;C:\Program Files (x86)\NVIDIA Corporation\PhysX\Common;C:\Program Files (x86)\Intel\iCLS Client\;C:\Program Files\Intel\iCLS Client\;C:\Windows\system32;C:\Windows;C:\Windows\System32\Wbem;C:\Windows\System32\WindowsPowerShell\v1.0\;C:\Program Files\Intel\Intel(R) Management Engine Components\DAL;C:\Program Files\Intel\Intel(R) Management Engine Components\IPT;C:\Program Files (x86)\Intel\Intel(R) Management Engine Components\DAL;C:\Program Files (x86)\Intel\Intel(R) Management Engine Components\IPT;C:\Python27;C:\Python27\scripts;C:\Program Files\MySQL\MySQL Server 5.5\bin;C:\Python27\Lib\site-packages;C:\Program Files (x86)\MySQL\MySQL Server 5.5\bin;C:\Program Files\TortoiseSVN\bin;E:\应用软件\Git\cmd;C:\Python27\Lib\site-packages\Django-1.7-py2.7.egg\django;C:\Python27\Lib\site-packages\Django-1.7-py2.7.egg\django\bin;C:\Program Files\nodejs\;C:\Python27\;C:\Python27\Scripts;C:\Program Files (x86)\NVIDIA Corporation\PhysX\Common;C:\Program Files (x86)\Intel\iCLS Client\;C:\Program Files\Intel\iCLS Client\;C:\Windows\system32;C:\Windows;C:\Windows\System32\Wbem;C:\Windows\System32\WindowsPowerShell\v1.0\;C:\Program Files\Intel\Intel(R) Management Engine Components\DAL;C:\Program Files\Intel\Intel(R) Management Engine Components\IPT;C:\Program Files (x86)\Intel\Intel(R) Management Engine Components\DAL;C:\Program Files (x86)\Intel\Intel(R) Management Engine Components\IPT;C:\Python27;C:\Python27\scripts;C:\Program Files\nodejs\;C:\Program Files\MySQL\MySQL Server 5.5\bin;C:\Python27\Lib\site-packages;C:\Users\Administrator\AppData\Roaming\npm
10 verbose lifecycle rrr-basic-example@0.0.0~build: CWD: D:\work\workspace\status_server\status_server\static
11 silly lifecycle rrr-basic-example@0.0.0~build: Args: [ '/d /s /c', 'webpack -p' ]
12 silly lifecycle rrr-basic-example@0.0.0~build: Returned: code: 3221225501  signal: null
13 info lifecycle rrr-basic-example@0.0.0~build: Failed to exec build script
14 verbose stack Error: rrr-basic-example@0.0.0 build: `webpack -p`
14 verbose stack Exit status 3221225501
14 verbose stack     at EventEmitter.<anonymous> (C:\Users\Administrator\AppData\Roaming\npm\node_modules\npm\lib\utils\lifecycle.js:245:16)
14 verbose stack     at emitTwo (events.js:87:13)
14 verbose stack     at EventEmitter.emit (events.js:172:7)
14 verbose stack     at ChildProcess.<anonymous> (C:\Users\Administrator\AppData\Roaming\npm\node_modules\npm\lib\utils\spawn.js:24:14)
14 verbose stack     at emitTwo (events.js:87:13)
14 verbose stack     at ChildProcess.emit (events.js:172:7)
14 verbose stack     at maybeClose (internal/child_process.js:829:16)
14 verbose stack     at Process.ChildProcess._handle.onexit (internal/child_process.js:211:5)
15 verbose pkgid rrr-basic-example@0.0.0
16 verbose cwd D:\work\workspace\status_server\status_server\static
17 error Windows_NT 6.1.7600
18 error argv "C:\\Program Files\\nodejs\\node.exe" "C:\\Users\\Administrator\\AppData\\Roaming\\npm\\node_modules\\npm\\bin\\npm-cli.js" "run" "build"
19 error node v4.5.0
20 error npm  v3.8.9
21 error code ELIFECYCLE
22 error rrr-basic-example@0.0.0 build: `webpack -p`
22 error Exit status 3221225501
23 error Failed at the rrr-basic-example@0.0.0 build script 'webpack -p'.
23 error Make sure you have the latest version of node.js and npm installed.
23 error If you do, this is most likely a problem with the rrr-basic-example package,
23 error not with npm itself.
23 error Tell the author that this fails on your system:
23 error     webpack -p
23 error You can get information on how to open an issue for this project with:
23 error     npm bugs rrr-basic-example
23 error Or if that isn't available, you can get their info via:
23 error     npm owner ls rrr-basic-example
23 error There is likely additional logging output above.
24 verbose exit [ 1, true ]
